2025-03-19 14:12:33,177 - trek_scraper - INFO - Found 13 specific trek URLs
2025-03-19 14:12:33,177 - trek_scraper - INFO - Processing trek at https://www.breathebhutan.com/trekking-in-bhutan/druk-path-trek/
2025-03-19 14:12:33,177 - trek_scraper - INFO - Fetching https://www.breathebhutan.com/trekking-in-bhutan/druk-path-trek/
2025-03-19 14:12:37,846 - trek_scraper - INFO - Successfully extracted data for Unknown Trek
2025-03-19 14:12:38,851 - trek_scraper - INFO - Processing trek at https://www.breathebhutan.com/trekking-in-bhutan/jomolhari-loop/
2025-03-19 14:12:38,851 - trek_scraper - INFO - Fetching https://www.breathebhutan.com/trekking-in-bhutan/jomolhari-loop/
2025-03-19 14:12:43,110 - trek_scraper - INFO - Successfully extracted data for Unknown Trek
2025-03-19 14:12:44,112 - trek_scraper - INFO - Processing trek at https://www.breathebhutan.com/trekking-in-bhutan/jomolhari-trek/
2025-03-19 14:12:44,113 - trek_scraper - INFO - Fetching https://www.breathebhutan.com/trekking-in-bhutan/jomolhari-trek/
2025-03-19 14:12:47,819 - trek_scraper - INFO - Successfully extracted data for Unknown Trek
2025-03-19 14:12:48,822 - trek_scraper - INFO - Processing trek at https://www.breathebhutan.com/trekking-in-bhutan/laya-jumolhari/
2025-03-19 14:12:48,822 - trek_scraper - INFO - Fetching https://www.breathebhutan.com/trekking-in-bhutan/laya-jumolhari/
2025-03-19 14:12:52,956 - trek_scraper - INFO - Successfully extracted data for Unknown Trek
2025-03-19 14:12:53,960 - trek_scraper - INFO - Processing trek at https://www.breathebhutan.com/trekking-in-bhutan/samtengang-winter-trek/
2025-03-19 14:12:53,960 - trek_scraper - INFO - Fetching https://www.breathebhutan.com/trekking-in-bhutan/samtengang-winter-trek/
2025-03-19 14:12:57,453 - trek_scraper - INFO - Successfully extracted data for Unknown Trek
2025-03-19 14:12:58,458 - trek_scraper - INFO - Processing trek at https://www.breathebhutan.com/trekking-in-bhutan/punakha-winter-trek/
2025-03-19 14:12:58,459 - trek_scraper - INFO - Fetching https://www.breathebhutan.com/trekking-in-bhutan/punakha-winter-trek/
2025-03-19 14:13:02,341 - trek_scraper - INFO - Successfully extracted data for Unknown Trek
2025-03-19 14:13:03,344 - trek_scraper - INFO - Processing trek at https://www.breathebhutan.com/trekking-in-bhutan/dagala-thousand-lakes-trek/
2025-03-19 14:13:03,344 - trek_scraper - INFO - Fetching https://www.breathebhutan.com/trekking-in-bhutan/dagala-thousand-lakes-trek/
2025-03-19 14:13:07,414 - trek_scraper - INFO - Successfully extracted data for Unknown Trek
2025-03-19 14:13:08,419 - trek_scraper - INFO - Processing trek at https://www.breathebhutan.com/trekking-in-bhutan/bumdra-trek/
2025-03-19 14:13:08,420 - trek_scraper - INFO - Fetching https://www.breathebhutan.com/trekking-in-bhutan/bumdra-trek/
2025-03-19 14:13:12,566 - trek_scraper - INFO - Successfully extracted data for Unknown Trek
2025-03-19 14:13:13,571 - trek_scraper - INFO - Processing trek at https://www.breathebhutan.com/trekking-in-bhutan/sagala-trek/
2025-03-19 14:13:13,572 - trek_scraper - INFO - Fetching https://www.breathebhutan.com/trekking-in-bhutan/sagala-trek/
2025-03-19 14:13:17,517 - trek_scraper - INFO - Successfully extracted data for Unknown Trek
2025-03-19 14:13:18,522 - trek_scraper - INFO - Processing trek at https://www.breathebhutan.com/trekking-in-bhutan/bumthang-owl-trek/
2025-03-19 14:13:18,523 - trek_scraper - INFO - Fetching https://www.breathebhutan.com/trekking-in-bhutan/bumthang-owl-trek/
2025-03-19 14:13:22,507 - trek_scraper - INFO - Successfully extracted data for Unknown Trek
2025-03-19 14:13:23,512 - trek_scraper - INFO - Processing trek at https://www.breathebhutan.com/trekking-in-bhutan/wild-rodung-la-trek/
2025-03-19 14:13:23,512 - trek_scraper - INFO - Fetching https://www.breathebhutan.com/trekking-in-bhutan/wild-rodung-la-trek/
2025-03-19 14:14:38,520 - trek_scraper - ERROR - Attempt 1/3 failed for https://www.breathebhutan.com/trekking-in-bhutan/wild-rodung-la-trek/: HTTPSConnectionPool(host='www.breathebhutan.com', port=443): Max retries exceeded with url: /trekking-in-bhutan/wild-rodung-la-trek/ (Caused by ConnectTimeoutError(<urllib3.connection.HTTPSConnection object at 0x105751c10>, 'Connection to www.breathebhutan.com timed out. (connect timeout=None)'))
2025-03-19 14:14:40,523 - trek_scraper - INFO - Fetching https://www.breathebhutan.com/trekking-in-bhutan/wild-rodung-la-trek/
2025-03-19 14:14:45,115 - trek_scraper - INFO - Successfully extracted data for Unknown Trek
2025-03-19 14:14:46,120 - trek_scraper - INFO - Processing trek at https://www.breathebhutan.com/trekking-in-bhutan/kangkar-puensum-trek-with-menla-karchung/
2025-03-19 14:14:46,121 - trek_scraper - INFO - Fetching https://www.breathebhutan.com/trekking-in-bhutan/kangkar-puensum-trek-with-menla-karchung/
2025-03-19 14:14:50,009 - trek_scraper - INFO - Successfully extracted data for Unknown Trek
2025-03-19 14:14:51,015 - trek_scraper - INFO - Processing trek at https://www.breathebhutan.com/trekking-in-bhutan/masagang-basecamp-trek/
2025-03-19 14:14:51,015 - trek_scraper - INFO - Fetching https://www.breathebhutan.com/trekking-in-bhutan/masagang-basecamp-trek/
2025-03-19 14:14:55,365 - trek_scraper - INFO - Successfully extracted data for Unknown Trek
2025-03-19 14:14:56,370 - trek_scraper - INFO - Fetching https://www.breathebhutan.com/trekking-in-bhutan/
2025-03-19 14:14:59,779 - trek_scraper - INFO - Fetching https://www.breathebhutan.com/travel-guide-and-information-for-bhutan/a-brief-guide-on-trekking-in-bhutan/
2025-03-19 14:15:03,319 - trek_scraper - INFO - Fetching https://www.breathebhutan.com/travel-guide-and-information-for-bhutan/packing-list-for-trekking-in-bhutan/
2025-03-19 14:15:07,106 - trek_scraper - INFO - Successfully saved data for 13 treks to data/trekking/trekking.json
2025-03-19 14:17:44,792 - trek_scraper - INFO - Loaded 17 total URLs from treks_urls.json
2025-03-19 14:17:44,792 - trek_scraper - INFO - Fetching https://www.breathebhutan.com/trekking-in-bhutan/
2025-03-19 14:17:48,801 - trek_scraper - INFO - Found direct trek URL from main page: https://www.breathebhutan.com/trekking-in-bhutan/druk-path-trek/
2025-03-19 14:17:48,801 - trek_scraper - INFO - Found direct trek URL from main page: https://www.breathebhutan.com/trekking-in-bhutan/jomolhari-loop/
2025-03-19 14:17:48,801 - trek_scraper - INFO - Found direct trek URL from main page: https://www.breathebhutan.com/trekking-in-bhutan/jomolhari-trek/
2025-03-19 14:17:48,801 - trek_scraper - INFO - Found direct trek URL from main page: https://www.breathebhutan.com/trekking-in-bhutan/laya-jumolhari/
2025-03-19 14:17:48,801 - trek_scraper - INFO - Found direct trek URL from main page: https://www.breathebhutan.com/trekking-in-bhutan/samtengang-winter-trek/
2025-03-19 14:17:48,801 - trek_scraper - INFO - Found direct trek URL from main page: https://www.breathebhutan.com/trekking-in-bhutan/punakha-winter-trek/
2025-03-19 14:17:48,801 - trek_scraper - INFO - Found direct trek URL from main page: https://www.breathebhutan.com/trekking-in-bhutan/dagala-thousand-lakes-trek/
2025-03-19 14:17:48,802 - trek_scraper - INFO - Found direct trek URL from main page: https://www.breathebhutan.com/trekking-in-bhutan/bumdra-trek/
2025-03-19 14:17:48,802 - trek_scraper - INFO - Found direct trek URL from main page: https://www.breathebhutan.com/trekking-in-bhutan/sagala-trek/
2025-03-19 14:17:48,802 - trek_scraper - INFO - Found direct trek URL from main page: https://www.breathebhutan.com/trekking-in-bhutan/bumthang-owl-trek/
2025-03-19 14:17:48,802 - trek_scraper - INFO - Found direct trek URL from main page: https://www.breathebhutan.com/trekking-in-bhutan/wild-rodung-la-trek/
2025-03-19 14:17:48,802 - trek_scraper - INFO - Found direct trek URL from main page: https://www.breathebhutan.com/trekking-in-bhutan/kangkar-puensum-trek-with-menla-karchung/
2025-03-19 14:17:48,802 - trek_scraper - INFO - Found direct trek URL from main page: https://www.breathebhutan.com/trekking-in-bhutan/masagang-basecamp-trek/
2025-03-19 14:17:48,802 - trek_scraper - INFO - Including direct trek URL: https://www.breathebhutan.com/trekking-in-bhutan/druk-path-trek/
2025-03-19 14:17:48,802 - trek_scraper - INFO - Including direct trek URL: https://www.breathebhutan.com/trekking-in-bhutan/jomolhari-loop/
2025-03-19 14:17:48,802 - trek_scraper - INFO - Including direct trek URL: https://www.breathebhutan.com/trekking-in-bhutan/jomolhari-trek/
2025-03-19 14:17:48,802 - trek_scraper - INFO - Including direct trek URL: https://www.breathebhutan.com/trekking-in-bhutan/laya-jumolhari/
2025-03-19 14:17:48,802 - trek_scraper - INFO - Including direct trek URL: https://www.breathebhutan.com/trekking-in-bhutan/samtengang-winter-trek/
2025-03-19 14:17:48,802 - trek_scraper - INFO - Including direct trek URL: https://www.breathebhutan.com/trekking-in-bhutan/punakha-winter-trek/
2025-03-19 14:17:48,802 - trek_scraper - INFO - Including direct trek URL: https://www.breathebhutan.com/trekking-in-bhutan/dagala-thousand-lakes-trek/
2025-03-19 14:17:48,802 - trek_scraper - INFO - Including direct trek URL: https://www.breathebhutan.com/trekking-in-bhutan/bumdra-trek/
2025-03-19 14:17:48,802 - trek_scraper - INFO - Including direct trek URL: https://www.breathebhutan.com/trekking-in-bhutan/sagala-trek/
2025-03-19 14:17:48,802 - trek_scraper - INFO - Including direct trek URL: https://www.breathebhutan.com/trekking-in-bhutan/bumthang-owl-trek/
2025-03-19 14:17:48,802 - trek_scraper - INFO - Including direct trek URL: https://www.breathebhutan.com/trekking-in-bhutan/wild-rodung-la-trek/
2025-03-19 14:17:48,802 - trek_scraper - INFO - Including direct trek URL: https://www.breathebhutan.com/trekking-in-bhutan/kangkar-puensum-trek-with-menla-karchung/
2025-03-19 14:17:48,802 - trek_scraper - INFO - Including direct trek URL: https://www.breathebhutan.com/trekking-in-bhutan/masagang-basecamp-trek/
2025-03-19 14:17:48,802 - trek_scraper - INFO - Found 13 specific trek URLs after filtering
2025-03-19 14:17:48,802 - trek_scraper - INFO - Processing trek at https://www.breathebhutan.com/trekking-in-bhutan/druk-path-trek/
2025-03-19 14:17:48,802 - trek_scraper - INFO - Fetching https://www.breathebhutan.com/trekking-in-bhutan/druk-path-trek/
2025-03-19 14:19:03,808 - trek_scraper - ERROR - Attempt 1/3 failed for https://www.breathebhutan.com/trekking-in-bhutan/druk-path-trek/: HTTPSConnectionPool(host='www.breathebhutan.com', port=443): Max retries exceeded with url: /trekking-in-bhutan/druk-path-trek/ (Caused by ConnectTimeoutError(<urllib3.connection.HTTPSConnection object at 0x102fbe270>, 'Connection to www.breathebhutan.com timed out. (connect timeout=None)'))
2025-03-19 14:19:05,813 - trek_scraper - INFO - Fetching https://www.breathebhutan.com/trekking-in-bhutan/druk-path-trek/
2025-03-19 14:19:10,612 - trek_scraper - INFO - Processing trek: Unknown Trek
2025-03-19 14:19:10,615 - trek_scraper - WARNING - No description found for Unknown Trek
2025-03-19 14:19:10,619 - trek_scraper - INFO - Found 1 itinerary days for Unknown Trek
2025-03-19 14:19:10,628 - trek_scraper - INFO - Successfully extracted data for Unknown Trek
2025-03-19 14:19:11,633 - trek_scraper - INFO - Processing trek at https://www.breathebhutan.com/trekking-in-bhutan/jomolhari-loop/
2025-03-19 14:19:11,633 - trek_scraper - INFO - Fetching https://www.breathebhutan.com/trekking-in-bhutan/jomolhari-loop/
2025-03-19 14:19:15,874 - trek_scraper - INFO - Processing trek: Unknown Trek
2025-03-19 14:19:15,876 - trek_scraper - WARNING - No description found for Unknown Trek
2025-03-19 14:19:15,878 - trek_scraper - INFO - Found 0 itinerary days for Unknown Trek
2025-03-19 14:19:15,888 - trek_scraper - INFO - Successfully extracted data for Unknown Trek
2025-03-19 14:19:16,890 - trek_scraper - INFO - Processing trek at https://www.breathebhutan.com/trekking-in-bhutan/jomolhari-trek/
2025-03-19 14:19:16,890 - trek_scraper - INFO - Fetching https://www.breathebhutan.com/trekking-in-bhutan/jomolhari-trek/
2025-03-19 14:25:45,209 - trek_scraper - INFO - Found 13 trek URLs from sitemap
2025-03-19 14:25:45,209 - trek_scraper - INFO - Processing trek at https://www.breathebhutan.com/trekking-in-bhutan/druk-path-trek/
2025-03-19 14:25:45,209 - trek_scraper - INFO - Fetching https://www.breathebhutan.com/trekking-in-bhutan/druk-path-trek/
2025-03-19 14:27:00,221 - trek_scraper - ERROR - Attempt 1/3 failed for https://www.breathebhutan.com/trekking-in-bhutan/druk-path-trek/: HTTPSConnectionPool(host='www.breathebhutan.com', port=443): Max retries exceeded with url: /trekking-in-bhutan/druk-path-trek/ (Caused by ConnectTimeoutError(<urllib3.connection.HTTPSConnection object at 0x1069d2840>, 'Connection to www.breathebhutan.com timed out. (connect timeout=None)'))
2025-03-19 14:27:02,227 - trek_scraper - INFO - Fetching https://www.breathebhutan.com/trekking-in-bhutan/druk-path-trek/
